<?xml version="1.0" encoding="UTF-8"?>
<!-- Generated by org.testng.reporters.JUnitXMLReporter -->
<testsuite hostname="DESKTOP-QPAOO8E" ignored="0" tests="4" failures="0" timestamp="18 лют. 2019 10:33:21 GMT" time="80.517" errors="0">
  <testcase name="testGmail" time="34.782" classname="TestGmail"/>
  <testcase name="testGmail" time="41.9" classname="TestGmail"/>
  <testcase name="testGmail" time="41.038" classname="TestGmail"/>
  <testcase name="testGmail" time="16.666" classname="TestGmail"/>
</testsuite>
