<?xml version="1.0" encoding="UTF-8"?>
<testng-results skipped="0" failed="0" ignored="0" total="4" passed="4">
  <reporter-output>
  </reporter-output>
  <suite name="GmailTest" duration-ms="80517" started-at="2019-02-18T10:32:00Z" finished-at="2019-02-18T10:33:20Z">
    <groups>
    </groups>
    <test name="EmailSendingTest" duration-ms="80517" started-at="2019-02-18T10:32:00Z" finished-at="2019-02-18T10:33:20Z">
      <class name="TestGmail">
        <test-method status="PASS" signature="setDriverPath()[pri:0, instance:TestGmail@19bb07ed]" name="setDriverPath" is-config="true" duration-ms="16" started-at="2019-02-18T10:32:00Z" finished-at="2019-02-18T10:32:00Z">
          <reporter-output>
          </reporter-output>
        </test-method> <!-- setDriverPath -->
        <test-method status="PASS" signature="setDriver()[pri:0, instance:TestGmail@19bb07ed]" name="setDriver" is-config="true" duration-ms="15244" started-at="2019-02-18T10:32:00Z" finished-at="2019-02-18T10:32:15Z">
          <reporter-output>
          </reporter-output>
        </test-method> <!-- setDriver -->
        <test-method status="PASS" signature="setDriver()[pri:0, instance:TestGmail@19bb07ed]" name="setDriver" is-config="true" duration-ms="14551" started-at="2019-02-18T10:32:00Z" finished-at="2019-02-18T10:32:14Z">
          <reporter-output>
          </reporter-output>
        </test-method> <!-- setDriver -->
        <test-method status="PASS" signature="setDriver()[pri:0, instance:TestGmail@19bb07ed]" name="setDriver" is-config="true" duration-ms="14159" started-at="2019-02-18T10:32:00Z" finished-at="2019-02-18T10:32:14Z">
          <reporter-output>
          </reporter-output>
        </test-method> <!-- setDriver -->
        <test-method status="PASS" signature="testGmail(java.lang.String, java.lang.String)[pri:0, instance:TestGmail@19bb07ed]" name="testGmail" duration-ms="41900" started-at="2019-02-18T10:32:14Z" data-provider="GmailLoginData" finished-at="2019-02-18T10:32:56Z">
          <params>
            <param index="0">
              <value>
                <![CDATA[vfemyaktest@gmail.com]]>
              </value>
            </param>
            <param index="1">
              <value>
                <![CDATA[test1234test]]>
              </value>
            </param>
          </params>
          <reporter-output>
          </reporter-output>
        </test-method> <!-- testGmail -->
        <test-method status="PASS" signature="testGmail(java.lang.String, java.lang.String)[pri:0, instance:TestGmail@19bb07ed]" name="testGmail" duration-ms="34782" started-at="2019-02-18T10:32:14Z" data-provider="GmailLoginData" finished-at="2019-02-18T10:32:49Z">
          <params>
            <param index="0">
              <value>
                <![CDATA[hnatuktestmail@gmail.com]]>
              </value>
            </param>
            <param index="1">
              <value>
                <![CDATA[ss123qwe]]>
              </value>
            </param>
          </params>
          <reporter-output>
          </reporter-output>
        </test-method> <!-- testGmail -->
        <test-method status="PASS" signature="testGmail(java.lang.String, java.lang.String)[pri:0, instance:TestGmail@19bb07ed]" name="testGmail" duration-ms="41038" started-at="2019-02-18T10:32:15Z" data-provider="GmailLoginData" finished-at="2019-02-18T10:32:56Z">
          <params>
            <param index="0">
              <value>
                <![CDATA[ta.lab.testprofile@gmail.com]]>
              </value>
            </param>
            <param index="1">
              <value>
                <![CDATA[ownerofthisPROFILE]]>
              </value>
            </param>
          </params>
          <reporter-output>
          </reporter-output>
        </test-method> <!-- testGmail -->
        <test-method status="PASS" signature="closeDriver()[pri:0, instance:TestGmail@19bb07ed]" name="closeDriver" is-config="true" duration-ms="2971" started-at="2019-02-18T10:32:49Z" finished-at="2019-02-18T10:32:52Z">
          <reporter-output>
          </reporter-output>
        </test-method> <!-- closeDriver -->
        <test-method status="PASS" signature="setDriver()[pri:0, instance:TestGmail@19bb07ed]" name="setDriver" is-config="true" duration-ms="9282" started-at="2019-02-18T10:32:52Z" finished-at="2019-02-18T10:33:02Z">
          <reporter-output>
          </reporter-output>
        </test-method> <!-- setDriver -->
        <test-method status="PASS" signature="closeDriver()[pri:0, instance:TestGmail@19bb07ed]" name="closeDriver" is-config="true" duration-ms="3232" started-at="2019-02-18T10:32:56Z" finished-at="2019-02-18T10:32:59Z">
          <reporter-output>
          </reporter-output>
        </test-method> <!-- closeDriver -->
        <test-method status="PASS" signature="closeDriver()[pri:0, instance:TestGmail@19bb07ed]" name="closeDriver" is-config="true" duration-ms="2609" started-at="2019-02-18T10:32:56Z" finished-at="2019-02-18T10:32:59Z">
          <reporter-output>
          </reporter-output>
        </test-method> <!-- closeDriver -->
        <test-method status="PASS" signature="testGmail(java.lang.String, java.lang.String)[pri:0, instance:TestGmail@19bb07ed]" name="testGmail" duration-ms="16666" started-at="2019-02-18T10:33:02Z" data-provider="GmailLoginData" finished-at="2019-02-18T10:33:18Z">
          <params>
            <param index="0">
              <value>
                <![CDATA[testng.userdrive@gmail.com]]>
              </value>
            </param>
            <param index="1">
              <value>
                <![CDATA[1111test]]>
              </value>
            </param>
          </params>
          <reporter-output>
          </reporter-output>
        </test-method> <!-- testGmail -->
        <test-method status="PASS" signature="closeDriver()[pri:0, instance:TestGmail@19bb07ed]" name="closeDriver" is-config="true" duration-ms="2232" started-at="2019-02-18T10:33:18Z" finished-at="2019-02-18T10:33:20Z">
          <reporter-output>
          </reporter-output>
        </test-method> <!-- closeDriver -->
      </class> <!-- TestGmail -->
    </test> <!-- EmailSendingTest -->
  </suite> <!-- GmailTest -->
</testng-results>
